# JRE version: OpenJDK Runtime Environment (8.0_131-b11) (build 1.8.0_131-8u131-b11-0ubuntu1.17.04.1-b11)
# Java VM: OpenJDK 64-Bit Server VM (25.131-b11 mixed mode linux-amd64 compressed oops)
Heap:
 PSYoungGen      total 621056K, used 620705K [0x00000000d7500000, 0x0000000100000000, 0x0000000100000000)
  eden space 596992K, 100% used [0x00000000d7500000,0x00000000fbc00000,0x00000000fbc00000)
  from space 24064K, 98% used [0x00000000fbc00000,0x00000000fd328498,0x00000000fd380000)
  to   space 36352K, 85% used [0x00000000fdc80000,0x00000000ffac0050,0x0000000100000000)
 ParOldGen       total 300032K, used 85840K [0x0000000085e00000, 0x0000000098300000, 0x00000000d7500000)
  object space 300032K, 28% used [0x0000000085e00000,0x000000008b1d40a0,0x0000000098300000)
 Metaspace       used 123570K, capacity 185542K, committed 185688K, reserved 1177600K
  class space    used 35646K, capacity 57143K, committed 57176K, reserved 1048576K
GC Heap History (10 events):
Event: 20.188 GC heap after
Heap after GC invocations=20 (full 4):
 PSYoungGen      total 638976K, used 15350K [0x00000000d7500000, 0x0000000100000000, 0x0000000100000000)
  eden space 623616K, 0% used [0x00000000d7500000,0x00000000d7500000,0x00000000fd600000)
  from space 15360K, 99% used [0x00000000ff100000,0x00000000ffffd9a0,0x0000000100000000)
  to   space 21504K, 0% used [0x00000000fd600000,0x00000000fd600000,0x00000000feb00000)
 ParOldGen       total 195072K, used 48355K [0x0000000085e00000, 0x0000000091c80000, 0x00000000d7500000)
  object space 195072K, 24% used [0x0000000085e00000,0x0000000088d38e78,0x0000000091c80000)
 Metaspace       used 89777K, capacity 134088K, committed 134232K, reserved 1142784K
  class space    used 25542K, capacity 40928K, committed 41048K, reserved 1048576K
}
Event: 23.507 GC heap before
{Heap before GC invocations=21 (full 4):
 PSYoungGen      total 638976K, used 638966K [0x00000000d7500000, 0x0000000100000000, 0x0000000100000000)
  eden space 623616K, 100% used [0x00000000d7500000,0x00000000fd600000,0x00000000fd600000)
  from space 15360K, 99% used [0x00000000ff100000,0x00000000ffffd9a0,0x0000000100000000)
  to   space 21504K, 0% used [0x00000000fd600000,0x00000000fd600000,0x00000000feb00000)
 ParOldGen       total 195072K, used 48355K [0x0000000085e00000, 0x0000000091c80000, 0x00000000d7500000)
  object space 195072K, 24% used [0x0000000085e00000,0x0000000088d38e78,0x0000000091c80000)
 Metaspace       used 100274K, capacity 150310K, committed 150360K, reserved 1153024K
  class space    used 29037K, capacity 46398K, committed 46424K, reserved 1048576K
Event: 23.541 GC heap after
Heap after GC invocations=21 (full 4):
 PSYoungGen      total 645120K, used 21494K [0x00000000d7500000, 0x0000000100000000, 0x0000000100000000)
  eden space 623616K, 0% used [0x00000000d7500000,0x00000000d7500000,0x00000000fd600000)
  from space 21504K, 99% used [0x00000000fd600000,0x00000000feafd9a0,0x00000000feb00000)
  to   space 21504K, 0% used [0x00000000feb00000,0x00000000feb00000,0x0000000100000000)
 ParOldGen       total 195072K, used 55274K [0x0000000085e00000, 0x0000000091c80000, 0x00000000d7500000)
  object space 195072K, 28% used [0x0000000085e00000,0x00000000893fab10,0x0000000091c80000)
 Metaspace       used 100274K, capacity 150310K, committed 150360K, reserved 1153024K
  class space    used 29037K, capacity 46398K, committed 46424K, reserved 1048576K
}
Event: 26.939 GC heap before
{Heap before GC invocations=22 (full 4):
 PSYoungGen      total 645120K, used 645110K [0x00000000d7500000, 0x0000000100000000, 0x0000000100000000)
  eden space 623616K, 100% used [0x00000000d7500000,0x00000000fd600000,0x00000000fd600000)
  from space 21504K, 99% used [0x00000000fd600000,0x00000000feafd9a0,0x00000000feb00000)
  to   space 21504K, 0% used [0x00000000feb00000,0x00000000feb00000,0x0000000100000000)
 ParOldGen       total 195072K, used 55274K [0x0000000085e00000, 0x0000000091c80000, 0x00000000d7500000)
  object space 195072K, 28% used [0x0000000085e00000,0x00000000893fab10,0x0000000091c80000)
 Metaspace       used 108917K, capacity 164076K, committed 164160K, reserved 1163264K
  class space    used 31864K, capacity 51160K, committed 51160K, reserved 1048576K
Event: 26.958 GC heap after
Heap after GC invocations=22 (full 4):
 PSYoungGen      total 618496K, used 21476K [0x00000000d7500000, 0x0000000100000000, 0x0000000100000000)
  eden space 596992K, 0% used [0x00000000d7500000,0x00000000d7500000,0x00000000fbc00000)
  from space 21504K, 99% used [0x00000000feb00000,0x00000000ffff9160,0x0000000100000000)
  to   space 34816K, 0% used [0x00000000fbc00000,0x00000000fbc00000,0x00000000fde00000)
 ParOldGen       total 195072K, used 69261K [0x0000000085e00000, 0x0000000091c80000, 0x00000000d7500000)
  object space 195072K, 35% used [0x0000000085e00000,0x000000008a1a3778,0x0000000091c80000)
 Metaspace       used 108917K, capacity 164076K, committed 164160K, reserved 1163264K
  class space    used 31864K, capacity 51160K, committed 51160K, reserved 1048576K
}
Event: 26.958 GC heap before
{Heap before GC invocations=23 (full 5):
 PSYoungGen      total 618496K, used 21476K [0x00000000d7500000, 0x0000000100000000, 0x0000000100000000)
  eden space 596992K, 0% used [0x00000000d7500000,0x00000000d7500000,0x00000000fbc00000)
  from space 21504K, 99% used [0x00000000feb00000,0x00000000ffff9160,0x0000000100000000)
  to   space 34816K, 0% used [0x00000000fbc00000,0x00000000fbc00000,0x00000000fde00000)
 ParOldGen       total 195072K, used 69261K [0x0000000085e00000, 0x0000000091c80000, 0x00000000d7500000)
  object space 195072K, 35% used [0x0000000085e00000,0x000000008a1a3778,0x0000000091c80000)
 Metaspace       used 108917K, capacity 164076K, committed 164160K, reserved 1163264K
  class space    used 31864K, capacity 51160K, committed 51160K, reserved 1048576K
Event: 27.148 GC heap after
Heap after GC invocations=23 (full 5):
 PSYoungGen      total 618496K, used 0K [0x00000000d7500000, 0x0000000100000000, 0x0000000100000000)
  eden space 596992K, 0% used [0x00000000d7500000,0x00000000d7500000,0x00000000fbc00000)
  from space 21504K, 0% used [0x00000000feb00000,0x00000000feb00000,0x0000000100000000)
  to   space 34816K, 0% used [0x00000000fbc00000,0x00000000fbc00000,0x00000000fde00000)
 ParOldGen       total 300032K, used 85824K [0x0000000085e00000, 0x0000000098300000, 0x00000000d7500000)
  object space 300032K, 28% used [0x0000000085e00000,0x000000008b1d00a0,0x0000000098300000)
 Metaspace       used 108917K, capacity 164076K, committed 164160K, reserved 1163264K
  class space    used 31864K, capacity 51160K, committed 51160K, reserved 1048576K
}
Event: 29.563 GC heap before
{Heap before GC invocations=24 (full 5):
 PSYoungGen      total 618496K, used 596992K [0x00000000d7500000, 0x0000000100000000, 0x0000000100000000)
  eden space 596992K, 100% used [0x00000000d7500000,0x00000000fbc00000,0x00000000fbc00000)
  from space 21504K, 0% used [0x00000000feb00000,0x00000000feb00000,0x0000000100000000)
  to   space 34816K, 0% used [0x00000000fbc00000,0x00000000fbc00000,0x00000000fde00000)
 ParOldGen       total 300032K, used 85824K [0x0000000085e00000, 0x0000000098300000, 0x00000000d7500000)
  object space 300032K, 28% used [0x0000000085e00000,0x000000008b1d00a0,0x0000000098300000)
 Metaspace       used 115962K, capacity 174972K, committed 175064K, reserved 1169408K
  class space    used 34199K, capacity 54936K, committed 55000K, reserved 1048576K
Event: 29.597 GC heap after
Heap after GC invocations=24 (full 5):
 PSYoungGen      total 621056K, used 23713K [0x00000000d7500000, 0x0000000100000000, 0x0000000100000000)
  eden space 596992K, 0% used [0x00000000d7500000,0x00000000d7500000,0x00000000fbc00000)
  from space 24064K, 98% used [0x00000000fbc00000,0x00000000fd328498,0x00000000fd380000)
  to   space 36352K, 0% used [0x00000000fdc80000,0x00000000fdc80000,0x0000000100000000)
 ParOldGen       total 300032K, used 85832K [0x0000000085e00000, 0x0000000098300000, 0x00000000d7500000)
  object space 300032K, 28% used [0x0000000085e00000,0x000000008b1d20a0,0x0000000098300000)
 Metaspace       used 115962K, capacity 174972K, committed 175064K, reserved 1169408K
  class space    used 34199K, capacity 54936K, committed 55000K, reserved 1048576K
}
Event: 2881.495 GC heap before
{Heap before GC invocations=25 (full 5):
 PSYoungGen      total 621056K, used 620705K [0x00000000d7500000, 0x0000000100000000, 0x0000000100000000)
  eden space 596992K, 100% used [0x00000000d7500000,0x00000000fbc00000,0x00000000fbc00000)
  from space 24064K, 98% used [0x00000000fbc00000,0x00000000fd328498,0x00000000fd380000)
  to   space 36352K, 0% used [0x00000000fdc80000,0x00000000fdc80000,0x0000000100000000)
 ParOldGen       total 300032K, used 85832K [0x0000000085e00000, 0x0000000098300000, 0x00000000d7500000)
  object space 300032K, 28% used [0x0000000085e00000,0x000000008b1d20a0,0x0000000098300000)
 Metaspace       used 123570K, capacity 185542K, committed 185688K, reserved 1177600K
  class space    used 35646K, capacity 57143K, committed 57176K, reserved 1048576K

